Trong khoảng 00 thế kỉ đầu sau Công nguyên, hàng loạt quốc gia nhỏ đã được hình thành và phát triển ở khu vực phía nam Đông Nam Á như Vương quốc Cham-pa ở vùng Trung Bộ Việt Nam, Vương quốc Phù Nam ở hạ lưu sông Mê Công, các vương quốc ở hạ lưu sông Mê Nam và trên các đảo của In-đô-nê-xi-a. Thời ấy, các quốc gia này còn nhỏ bé, phân tán trên các địa bàn hẹp, sống riêng rẻ và nhiều khi tranh chấp lẫn nhau. Đó cũng chính là nguyên nhân dẫn tới sự sụp đổ của các vương quốc cổ, để rồi, trên cơ sở đó hình thành nên các quốc gia phong kiến dân tộc hùng mạnh sau này.
predict|37,39,LOC|22,29,LOC|63,64,LOC|44,49,LOC|35,37,LOC|39,43,LOC|30,33,LOC|53,58,LOC
gold|24,29,LOC|37,39,LOC|63,64,LOC|44,49,LOC|26,29,LOC|39,43,LOC|35,39,LOC|30,33,LOC|53,58,LOC

Từ cuối năm 0000, nhiều cuộc bãi công và biểu tình của quần chúng đã nổ ra với khẩu hiệu: "Đả đảo chế độ chuyên chế !", "Đả đảo chiến tranh !". Các cuộc đấu tranh của quần chúng đã châm ngòi lửa cho cách mạng. Ngày 0 - 0 - 0000, 00 vạn công nhân Xanh Pê-téc-bua và gia đình tay không vũ khí, mang theo cờ và ảnh của Nga hoàng tiến đến Cung điện Mùa Đông để thỉnh cầu Nga hoàng cải thiện đời sống. Nhưng quân đội và cảnh sát đã xả súng vào đoàn biểu tình của quần chúng làm hàng nghìn người chết và bị thương. Đó là "Ngày chủ nhật đẫm máu". Lòng tin của nhân dân vào Nga hoàng bị tiêu tan. Công nhân thủ đô bắt đầu dựng chiến lũy, chuẩn bị chiến đấu. Khẩu hiệu "Đả đảo chế độ chuyên chế !" được truyền đi khắp nơi, một làn sóng bãi công phản đối bùng lên trong cả nước. Chỉ trong tháng 0 - 0000, số người bãi công đã lên tới 00 vạn, nhiều hơn cả số người bãi công của 00 năm trước đó cộng lại.
predict|75,79,LOC|56,58,LOC|71,72,LOC|125,126,LOC
gold|56,58,LOC|75,79,LOC|125,126,LOC

Chiến tranh thế giới thứ hai đã để lại cho các nước Tây Âu nhiều hậu quả nặng nề. Nhiều thành phố, bến cảng, nhà máy, các trung tâm công nghiệp bị tàn phá, hàng triệu người chết, mất tích hoặc bị tàn phế. Ở Pháp, năm 0000 sản xuất công nghiệp chỉ bằng 00%, nông nghiệp chỉ bằng 00% so với năm 0000 ; ở Italia, khoảng 0/0 tài sản quốc gia bị tổn thất. Tuy nhiên, với sự cố gắng của từng nước và viện trợ của Mĩ trong khuôn khổ "Kế hoạch Mácsan", đến khoảng năm 0000, kinh tế các ước tư bản Tây Âu cơ bản được phục hồi, đạt được mức trước chiến tranh. Về chính trị, ưu tiên hàng đầu của các nước Tây Âu lúc bấy giờ là củng cố chính quyền của giai cấp tư sản, ổn định tình hình chính trị - xã hội, hàn gắn vết thương hội, hàn gắn vết thương chiến tranh, phục hồi nền kinh tế, liên minh chặt chẽ với Mĩ, đồng thời tìm cách trở lại các thuộc địa cũ của mình.
predict|95,96,ORG|129,131,LOC|45,46,LOC|12,14,LOC|66,67,LOC|174,175,LOC|89,90,LOC|0,6,BATTLE
gold|129,131,LOC|45,46,LOC|12,14,LOC|66,67,LOC|174,175,LOC|89,90,LOC|0,6,BATTLE|106,108,LOC

Từ tháng 0 - 0000, Nguyễn Tri Phương được lệnh từ Đà Nẵng vào Gia Định. Ông đã huy động hàng vạn quân và dân binh xây dựng Đại đồn Chí Hòa, vừa đồ sộ vừa vững chắc, nhưng vì không chủ động tấn công nên gần 0000 quân Pháp vẫn yên ổn ngay bên cạnh phòng tuyến của quân ta với một lực lượng từ 00000 đến 00000 người. Không bị động đối phó như quân đội triều đình, hàng nghìn nghĩa dũng do Dương Bình Tâm chỉ huy đã xung phong đánh đồn Chợ Rẫy, vị trí quan trọng nhất trên phòng tuyến của địch (0 - 0000). Pháp bị sa lầy ở cả hai nơi (Đà Nẵng và Gia Định), rơi vào tình thế tiến thoái lưỡng nan. Lúc này trong triều đình nhà Nguyễn có sự phân hóa, tư tưởng chủ hòa lan ra làm lòng người li tán.
predict|11,13,LOC|110,111,LOC|118,120,PER|121,123,LOC|5,8,PER|28,32,LOC|48,50,MIL|85,88,PER|14,16,LOC|134,138,ORG|94,97,LOC
gold|14,16,PER|11,13,PER|121,123,LOC|5,8,PER|28,32,LOC|48,50,MIL|85,88,PER|118,120,LOC|134,138,ORG|94,97,LOC

Đầu những năm 00 của thế kỉ XVIII, sau khi chính quyền chúa Nguyễn bị lật đổ, một người cháu chúa Nguyễn là Nguyễn Ánh đã cùng tàn quân trốn chạy sang Xiêm (Thái Lan) cầu cứu. Vua Xiêm sai tướng đem 0 vạn quân thủy, bộ tiến sang nước ta theo sự dẫn đường của quân Nguyễn Ánh. Sau khi chiếm được gần một nửa đất Gia Định (Nam Bộ ngày nay), chúng ra sức cướp phá, hoành hành và chuẩn bị tấn công quân Tây Sơn ở vùng đất còn lại. Được tin đó, vua Tây Sơn là Thái Đức (Nguyễn Nhạc) đã sai em là Nguyễn Huệ đem binh thuyền vào Nam chống giặc. Được sự ủng hộ của nhân dân, đầu năm 0000, Nguyễn Huệ đã tổ chức trận Rạch Gầm - Xoài Mút đánh tan tành quân xâm lược. Nguyễn Ánh theo cánh tàn quân Xiêm chạy thoát. Miền Nam trở lại yên bình.
predict|69,71,LOC|132,135,LOC|23,25,PER|32,33,LOC|97,99,LOC|56,59,MIL|153,155,LOC|33,35,LOC|21,22,PER|144,146,PER|114,115,LOC|136,138,PER|100,102,PER|37,39,PER|108,110,PER|127,129,PER|10,14,ORG|85,88,MIL|102,104,PER|149,151,MIL|67,69,LOC
gold|21,22,ORG|69,71,LOC|13,14,ORG|23,25,PER|32,33,LOC|97,99,ORG|132,138,BATTLE|136,138,LOC|56,59,MIL|153,155,LOC|33,35,LOC|144,146,PER|100,102,PER|133,135,LOC|108,110,PER|127,129,PER|85,88,MIL|102,104,PER|38,39,ORG|86,88,ORG|149,151,MIL|150,151,ORG|67,69,LOC

Hòa Bình là cửa ngõ nối liền vùng tự do với vùng đồng bằng Bắc Bộ qua Chợ Bến là mạch máu giao thông giữa Việt Bắc với Liên khu IV. Ngày 0 - 00 - 0000, Đờ Lát đơ Tátxinhi sử dụng một lực lượng quân cơ động lớn tiến đánh Chợ Bến: đến ngày 00 - 00, tiến đánh Hòa Bình. Nhằm tiêu diệt sinh lực địch ở Hòa Bình, phá tan kế hoạch bình định của chúng ở đồng bằng Bắc Bộ và đẩy mạnh chiến tranh du kích, ta mở chiến dịch phản công và tiến công địch ở Hòa Bình. Chiến dịch Hòa Bình kết thúc sau hơn 0 tháng chiến đấu, ta giải phóng hoàn toàn khu vực Hòa Bình - sông Đà rộng 0000 km0 với 00 vạn dân ; các căn cứ du kích của ta được mở rộng, nối liền từ Bắc Giang xuống Bắc Ninh, tới sát Đường số 0, qua Hưng Yên, Hải Dương, Thái Bình, Nam Định và Ninh Bình.
predict|170,172,LOC|105,109,BATTLE|150,155,LOC|52,54,LOC|167,169,LOC|83,85,LOC|157,160,LOC|61,63,LOC|25,27,LOC|28,31,LOC|37,41,PER|70,72,LOC|163,165,LOC|17,19,LOC|161,163,LOC|103,105,LOC|165,167,LOC|122,126,LOC|11,16,LOC
gold|170,172,LOC|105,109,BATTLE|127,129,LOC|153,155,LOC|52,54,LOC|167,169,LOC|157,160,LOC|61,63,LOC|124,126,LOC|25,27,LOC|28,31,LOC|150,152,LOC|70,72,LOC|163,165,LOC|17,19,LOC|81,85,LOC|161,163,LOC|103,105,LOC|165,167,LOC|0,2,LOC|11,16,LOC

Sản xuất thủ công nghiệp và công nghiệp về cơ bản đáp ứng được những yêu cầu về công cụ sản xuất và những mặt hàng thiết yếu của đời sống. Năm 0000, ta sản xuất được 0000 tấn vũ khí đạn dược, cung cấp tạm đủ cho bộ đội về thuốc men, quân trang, quân dụng. Đi đôi với việc đẩy mạnh sản xuất, Chính phủ còn đề ra những chính sách nhằm chấn chỉnh chế độ thuế khóa, xây dựng nền tài chính, ngân hàng, thương nghiệp. Để bồi dưỡng sức dân, nhất là nông dân, đầu năm 0000, Đảng và Chính phủ quyết định phát động quần chúng triệt để giảm tô và cải cách ruộng đất. Từ tháng 0 - 0000 đến tháng 0 - 0000, ta đã thực hiện 0 đợt giảm tô và 0 đợt cải cách ruộng 0 - 0000, đất tại 00 xã thuộc vùng tự do ở Thái Nguyên, Thanh Hóa.
predict|158,160,LOC|156,158,LOC
gold|158,160,LOC|156,158,LOC

Chiến tranh thế giới thứ nhất đã đem lại "những cơ hội vàng" cho nước Mĩ. Với nền kinh tế đạt mức tăng trưởng cao trong suốt những năm trong và sau chiến tranh, Mĩ trở thành nước tư bản giàu mạnh nhất. Cùng với lợi thế đó, việc cải tiến kĩ thuật, thực hiện phương pháp sản xuất dây chuyền và mở rộng quy mô sản xuất đã đưa nền kinh tế Mĩ bước vào thời kì phồn vinh trong thập niên 00 của thế kỉ XX.
predict|73,74,LOC|34,35,LOC|0,6,BATTLE|15,16,LOC
gold|73,74,LOC|34,35,LOC|0,6,BATTLE|15,16,LOC

Ngày 00 - 0 - 0000, trong phiên họp của Quốc hội, lực lượng tư sản phản cách mạng đã tiến hành đảo chính, bắt Rô-be-spie và các nhân vật chủ chốt của phái Giacôbanh. Chính quyền rơi vào tay thế lực phản động, chấm dứt giai đoạn phát triển đi lên của cách mạng.
predict|34,35,PER|25,26,PER
gold|34,35,ORG|25,26,PER

Năm 0000, nước Nga Xô viết bước vào thời kì hòa bình xây dựng đất nước trong hoàn cảnh cực kì khó khăn. Nền kinh tế quốc dân bị tàn phá nghiêm trọng, tình hình chính trị không ổn định, các lực lượng phản cách mạng điên cuồng chống phá, gây bạo loạn ở nhiều nơi. Trong bối cảnh đó, tháng 0 - 0000, Đảng Bônsêvích Nga quyết định thực hiện Chính sách kinh tế mới (NEP) do V.I. Lê-nin đề xướng, bao gồm các chính sách chủ yếu về nông nghiệp, công nghiệp, thương nghiệp và tiền tệ. Trong nông nghiệp, Nhà nước thay thế chế độ trưng thu lương thực thừa bằng thu thuế lương thực. Thuế lương thực nộp bằng hiện vật. Sau khi nộp đủ thuế đã quy định từ trước mùa gieo hạt, nông dân toàn quyền sử dụng số lương thực dư thừa và được tự do bán ra thị trường.
predict|78,79,LOC|76,77,LOC|3,5,LOC|64,67,ORG|79,80,PER
gold|4,6,LOC|3,4,LOC|66,67,LOC|78,80,PER|64,67,ORG

Nhưng từ cuối thế kỉ XIII, Cam-pu-chia bắt đầu suy yếu. Thêm vào đó Vương quốc Thái thành lập vào thế kỉ XIV đã nhiều lần gây chiến với Cam-pu-chia, tàn phá kinh thành Ăng-co. Sau 0 lần bị người Thái xâm chiếm, năm 0000 người Khơ-me phải bỏ kinh đô Ăng-co, lui về phía nam Biển Hồ, tức là khu vực Phnôm Pênh ngày nay. Từ đó, chính quyền phong kiến Cam-pu-chia luôn phải đối phó với những cuộc tấn công từ bên ngoài và lao vào những vụ mưu sát, tranh giành địa vị lẫn nhau. Tình hình diễn biến rất phức tạp, khiến đất nước Cam-pu-chia hầu như suy kiệt khi thực dân Pháp đến xâm lược (0000). Trong hơn một nghìn năm dưới chế độ phong kiến, người Cam-pu-chia đã xây dựng nên một nền văn hóa riêng, hết sức độc đáo.
predict|6,7,LOC|72,73,LOC|114,117,LOC|29,30,LOC|60,64,LOC|132,133,LOC|51,52,LOC|33,35,LOC|56,58,LOC|108,109,LOC|14,17,LOC
gold|6,7,LOC|62,64,LOC|72,73,LOC|114,117,LOC|40,41,LOC|29,30,LOC|132,133,LOC|32,35,LOC|54,58,LOC|108,109,LOC|49,52,LOC|14,17,LOC

Hiến chương quy định bộ máy tổ chức của Liên hợp quốc gồm sáu cơ quan chính là Đại hội đồng, Hội đồng Bảo an, Hội đồng Kinh tế và Xã hội, Hội đồng Quản thác, Tòa án Quốc tế và Ban Thư kí. Đại hội đồng: gồm đại diện các nước thành viên, có quyền bình đẳng. Mỗi năm, Đại hội đồng họp một kì để thảo luận các vấn đề hoặc công việc thuộc phạm vi Hiến chương quy định Hội đồng Bảo an: cơ quan giữ vai trò trọng yếu trong việc duy trì hòa bình và an ninh thế giới. Mọi quyết định của Hội đồng Bảo an phải được sự nhất trí của năm nước Ủy viên thường trực là Liên Xô (nay là Liên bang Nga), Mĩ, Anh, Pháp và Trung Quốc mới được thông qua và có giá trị. Bạn Thư kí ; cơ quan hành chính - tổ chức của Liên hợp quốc, đứng đầu là Tổng thư kí với nhiệm kì 0 năm. Ngoài ra, Liên hợp quốc còn có nhiều tổ chức chuyên môn khác giúp việc. Trụ sở của Liên hợp quốc đặt tại Niu Oóc (Mĩ).
predict|21,25,ORG|25,29,ORG|32,35,ORG|136,138,LOC|82,85,ORG|129,132,LOC|158,161,ORG|9,12,ORG|132,133,LOC|108,111,ORG|36,40,ORG|133,134,LOC|195,197,LOC|197,198,LOC|125,127,LOC|134,135,LOC|41,43,PER
gold|21,25,ORG|44,47,ORG|136,138,LOC|32,36,ORG|129,132,LOC|190,193,ORG|9,12,ORG|25,32,ORG|132,133,LOC|36,40,ORG|133,134,LOC|195,197,LOC|197,198,LOC|125,127,LOC|134,135,LOC|18,21,ORG|41,44,ORG

Sau những hoạt động không thành công trong năm 0000, Việt Nam Quang phục hội gần như nằm im. Khi chiến tranh bùng nổ, do tình hình thay đổi, Hội đã tổ chức nhiều cuộc bạo động. Tháng 0 - 0000, hội viên Đỗ Chân Thiết đứng ra lập chi hội ở Vân Nam với phần đông là công nhân, viên chức hỏa xa trên tuyến đường sắt Hải Phòng - Vân Nam. Họ sản xuất bom ở Hà Nội và dự định vận động binh lính đánh úp Hà Nội. Việc bị bại lộ, Đỗ Chân Thiết cùng hơn 00 người bị bắt.
predict|78,80,LOC|89,91,LOC|43,46,PER|10,15,ORG|95,98,PER|52,54,LOC|68,70,LOC|71,73,LOC
gold|78,80,LOC|89,91,LOC|43,46,PER|10,15,ORG|95,98,PER|52,54,LOC|10,12,LOC|68,70,LOC|71,73,LOC

Phan Bội Châu quê ở huyện Nam Đàn, tỉnh Nghệ An. Ông là người chủ trương dùng bạo lực để giành độc lập. Năm 0000, ông lên đường vào Nam, rồi ra Bắc, tìm cách liên kết những người có cùng chí hướng. Tháng 0 - 0000, tại Quảng Nam, Phan Bội Châu cùng các đồng chí của ông thành lập Hội Duy tân, chủ trương đánh đuổi giặc Pháp, giành độc lập, thiết lập một chính thể quân chủ lập hiến ở Việt Nam. Để chuẩn bị, Hội Duy tân tổ chức phong trào Đông du, đưa thanh niên sang học tập tại các trường của Nhật Bản. Tháng 0 - 0000, Chính phủ Nhật Bản câu kết với thực dân Pháp ở Đông Dương, trục xuất số lưu học sinh Việt Nam, kể cả thủ lĩnh Phan Bội Châu. Phong trào Đông du tan rã.
predict|5,8,LOC|0,3,PER|107,109,LOC|69,70,LOC|132,134,LOC|138,141,PER|29,30,LOC|124,126,LOC|48,50,LOC|120,123,LOC|83,85,LOC|113,117,ORG|32,33,LOC|9,11,LOC|50,53,PER
gold|32,33,LOC|122,123,LOC|88,91,ORG|48,50,LOC|5,8,PER|120,123,LOC|83,85,LOC|68,70,MIL|8,11,PER|132,134,LOC|124,126,LOC|113,117,ORG|115,117,LOC|0,3,PER|107,109,LOC|138,141,PER|29,30,LOC|61,64,ORG|50,53,PER

Sau chiến thắng Điện Biên Phủ, Hội nghị Giơnevơ được triệu tập để bàn về việc chấm dứt chiến tranh ở Đông Dương. Hiệp định Giơnevơ (0 - 0000) đã công nhận độc lập chủ quyền, thống nhất và toàn vẹn lãnh thổ của Việt Nam, Lào và Campuchia. Cuộc chiến tranh ở Đông Dương đã chấm dứt, nhưng nước Việt Nam tạm thời bị chia cắt làm hai miền, vĩ tuyến 00 là giới tuyến quân sự tạm thời. Hiệp định Giơnevơ 0000 về Đông Dương là một thắng lợi to lớn của nhân dân Việt Nam, Lào và Campuchia, nhưng mặt khác cũng phản ánh cuộc đấu tranh gay gắt giữa hai phe. Đại biểu Mĩ ra tuyên bố không chịu sự ràng buộc của Hiệp định nhằm chuẩn bị cho sự xâm lược sau này.
predict|21,23,LOC|46,47,LOC|100,101,LOC|1,6,BATTLE|53,55,LOC|85,87,LOC|98,99,LOC|117,118,LOC|48,49,LOC|96,98,LOC|44,46,LOC|60,62,LOC
gold|21,23,LOC|46,47,LOC|100,101,LOC|1,6,BATTLE|53,55,LOC|85,87,LOC|98,99,LOC|117,118,LOC|48,49,LOC|96,98,LOC|3,6,LOC|44,46,LOC|60,62,LOC|70,73,LOC

Ban Chấp hành Trung ương lâm thời của Đảng được thành lập, gồm 0 ủy viên. Tiếp đến, các xứ ủy Bắc Kì, Trung Kì và Nam Kì cũng được thành lập. Ngày 00 - 0 - 0000, theo đề nghị của Đông Dương Cộng sản liên đoàn, tổ chức này được gia nhập Đảng Cộng sản Việt Nam. Sau này, Đại hội đại biểu toàn quốc lần thứ III của Đảng (họp tháng 0 - 0000) quyết định lấy ngày 0 - 0 hằng năm là ngày kỉ niệm thành lập Đảng. Đảng Cộng sản Việt Nam ra đời là kết quả của cuộc đấu tranh dân tộc và giai cấp quyết liệt của nhân dân Việt Nam, là sự sàng lọc nghiêm khắc của lịch sử trên con đường đấu tranh trong mấy thập kỉ đầu của thế kỉ XX.
predict|21,23,LOC|117,119,LOC|93,98,ORG|23,25,LOC|26,28,LOC|54,59,ORG|42,46,ORG
gold|117,119,LOC|21,23,LOC|19,23,ORG|93,98,ORG|0,7,ORG|23,25,LOC|26,28,ORG|57,59,LOC|96,98,LOC|42,48,ORG|54,59,ORG|26,28,LOC|42,44,LOC|23,25,ORG

Khác với các nước tư bản Tây Âu và Mĩ, sự ổn định của Nhật Bản chỉ tồn tại trong một thời gian ngắn. Năm 0000, sản lượng công nghiệp mới phục hồi trở lại và vượt mức trước chiến tranh. Nhưng chưa đầy một năm sau, mùa xuân năm 0000, cuộc khủng hoảng tài chính lại bùng nổ ở Thủ đô Tô-ki-ô làm 00 ngân hàng phá sản. Nền công nghiệp chủ yếu dựa vào xuất khẩu của Nhật Bản ngày càng gặp khó khăn trong việc cạnh tranh với Mĩ và các nước Tây Âu. Từ một nước có sức sản xuất và mức xuất khẩu tăng rất nhanh trong chiến tranh, bước vào thập niên 00, Nhật Bản phải nhập khẩu quá mức do khan hiếm nguyên liệu và nhiên liệu. Sản xuất trong nước bị suy giảm, phần lớn các xí nghiệp công nghiệp chỉ sử dụng từ 00% đến 00% công suất. Số người thất nghiệp tăng nhanh, nông dân bị bần cùng hóa, sức mua của người dân suy giảm làm cho thị trưởng trong nước ngày càng thu hẹp.
predict|119,121,LOC|91,92,LOC|60,63,LOC|9,10,LOC|95,97,LOC|79,81,LOC|6,8,LOC|14,16,LOC
gold|119,121,LOC|91,92,LOC|60,63,LOC|9,10,LOC|95,97,LOC|79,81,LOC|4,8,LOC|6,8,LOC|14,16,LOC

Đầu năm 0000, phái viên của Chính phủ Pháp G. Gôđa sang điều tra tình hình Đông Dương và Brêviê nhậm chức Toàn quyền Đông Dương. Lợi dụng sự kiện này, Đảng tổ chức quần chúng mít tinh "đón rước", nhưng thực chất là biểu dương lực lượng. Trên đường Gôđa đi từ Sài Gòn ra Hà Nội, đến đâu nhân dân cũng biểu tình đưa yêu sách về dân sinh, dân chủ. Trong những năm 0000 - 0000, các cuộc mít tinh, biểu tình đòi quyền sống của các tầng lớp nhân dân vẫn tiếp tục diễn ra. Đặc biệt là cuộc đấu tranh nhân ngày 0 - 0 - 0000. Lần đầu tiên trong ngày Quốc tế Lao động, các cuộc mít tinh được tổ chức công khai ở Hà Nội và nhiều nơi khác, thu hút đông đảo quần chúng tham gia.
predict|6,10,ORG|53,55,LOC|50,51,LOC|19,26,ORG|131,133,LOC|10,11,PER|56,58,LOC|16,18,LOC
gold|6,9,ORG|9,11,PER|24,26,LOC|53,55,LOC|16,18,LOC|131,133,LOC|50,51,PER|56,58,LOC|19,20,PER|8,9,LOC

Điểm nổi bật của quá trình phát triển công nghiệp Đức bấy giờ là sự tập trung sản xuất và hình thành các tổ chức độc quyền diễn ra sớm hơn nhiều nước khác ở châu Âu. Hình thức độc quyền phổ biến ở Đức là cácten và xanhđica. Không đầy 0% xí nghiệp sử dụng hơn 00% tổng số điện lực trong khi 00% là xí nghiệp nhỏ chỉ nhận được có 0% thôi. Số cácten tăng lên nhanh chóng: năm 0000 có 000, đến năm 0000 có khoảng 000 - 000. Những tổ chức độc quyền này gắn với các ngân hàng thành tư bản tài chính. Ngành ngân hàng cũng tập trung cao độ. Nông nghiệp của Đức cũng có những tiến bộ nhưng chậm chạp hơn do việc tiến hành cách mạng tư sản không triệt để. Phần lớn ruộng đất tập trung trong tay quý tộc và địa chủ. Bên cạnh việc canh tác theo phương thức tư bản chủ nghĩa (dùng máy móc, phân hóa học, áp dụng kĩ thuật mới...), những tàn dư phong kiến vẫn được duy trì.
predict|44,45,LOC|10,11,LOC|35,37,LOC|120,121,LOC
gold|44,45,LOC|10,11,LOC|35,37,LOC|120,121,LOC

Về quân sự: triều đình phải nhận các huấn luyện viên và sĩ quan chỉ huy của Pháp, phải triệt hồi binh lính từ Bắc Kì về kinh đô (Huế). Pháp được đóng đồn binh ở những nơi xét thấy cần thiết ở Bắc Kì, được toàn quyền xử trí đội quân Cờ đen. Về kinh tế: Pháp nắm và kiểm soát toàn bộ các nguồn lợi trong nước. Mặc dù triều đình đã kí Hiệp ước Hácmăng, ra lệnh giải tán phong trào kháng chiến của nhân dân, nhưng các hoạt động chống Pháp ở các tỉnh Bắc Kì vẫn không chấm dứt. Nhiều trung tâm kháng chiến tiếp tục hình thành. Những toán nghĩa binh dưới sự chỉ huy của các quan lại chủ chiến như Nguyễn Thiện Thuật, Tạ Hiện, Phan Vụ Mẫn, Hoàng Đình Kinh... đã phối hợp với lực lượng quân Thanh (kéo sang từ mùa thu năm 0000) liên tiếp tiến công quân Pháp, gây cho chúng nhiều thiệt hại.
predict|17,18,LOC|24,26,LOC|98,100,LOC|94,95,LOC|131,133,PER|57,58,LOC|145,147,MIL|158,160,MIL|133,136,PER|136,139,PER|27,30,LOC|43,45,LOC|128,131,PER|30,31,LOC
gold|50,54,MIL|17,18,LOC|24,26,LOC|98,100,LOC|94,95,LOC|145,147,MIL|29,30,LOC|57,58,LOC|158,160,MIL|133,136,PER|159,160,LOC|136,139,PER|131,133,PER|43,45,LOC|128,131,PER|30,31,LOC

Công cụ bằng sắt ngày càng được sử dụng phổ biến trong sản xuất nông nghiệp cũng như trong đời sống nhân dân. Công cuộc khai hoang, mở rộng thêm diện tích trồng trọt được đẩy mạnh. Các công trình thủy lợi được xây dựng. Nhờ thế, năng suất lúa tăng hơn trước. Thủ công nghiệp, thương mại có sự chuyển biến đáng kể. Kĩ thuật rèn sắt phát triển hơn so với trước Công nguyên. Việc khai thác vàng, bạc, châu ngọc trong nhân dân được đẩy mạnh. Đồ trang sức bằng vàng, bạc, ngọc được gia công tinh tế. Một số nghề thủ công mới xuất hiện như làm giấy, làm thủy tinh... Nhiều đường giao thông thủy, bộ nối liền các vùng, các quận được hình thành.
predict|
gold|

Năm 0000, cuộc chiến tranh Trịnh - Nguyễn bùng nổ, kéo dài đến cuối năm 0000. Không phân được thắng bại, hai bên giảng hòa, lấy sông Gianh (Quảng Bình) làm giới tuyến, chia đất nước làm hai: Đàng Ngoài và Đàng Trong, với hai chính quyền riêng biệt. Tình trạng chia cắt kéo dài cho đến cuối thế kỉ XVIII, gây nên hậu quả hết sức nặng nề cho đất nước.
predict|2,8,BATTLE|38,40,LOC|28,30,LOC|41,43,LOC|26,28,LOC
gold|2,8,BATTLE|38,40,LOC|28,30,LOC|41,43,LOC|26,28,LOC|7,8,ORG|5,6,ORG

Liên Xô là nước chịu tổn thất nặng nề nhất trong Chiến tranh thế giới thứ hai: khoảng 00 triệu người chết, 0000 thành phố, hơn 0 vạn làng mạc, gần 00000 xí nghiệp bị tàn phá nặng nề. Với tinh thần tự lực tự cường, nhân dân Liên Xô đã hoàn thành thắng lợi kế hoạch 0 năm khôi phục kinh tế (0000 - 0000) trong vòng 0 năm 0 tháng. Công nghiệp được phục hồi vào năm 0000, Đến năm 0000, tổng sản lượng công nghiệp tăng 00% so với mức trước chiến tranh (kế hoạch dự kiến là 00%), hơn 0000 xí nghiệp được phục hồi hoặc xây dựng mới đi vào hoạt động. Sản xuất nông nghiệp năm 0000 đã đạt mức trước chiến tranh. Khoa học - kĩ thuật phát triển nhanh chóng. Năm 0000, Liên Xô đã chế tạo thành công bom nguyên tử, phá thế độc quyền vũ khí nguyên tử của Mĩ.
predict|48,50,LOC|140,142,LOC|0,2,LOC|159,160,LOC|11,17,BATTLE
gold|11,17,BATTLE|140,142,LOC|0,2,LOC|159,160,LOC

Tháng 0 - 0000, phong trào khởi nghĩa của nhân dân ở đảo Xi-xi-li-a (miền Nam I-ta-li-a) bùng nổ đòi lật đổ chính quyền tay sai đế quốc Áo và thống nhất đất nước. Ga-ri-ban-đi đem quân xuống giúp nhân dân Nam I-ta-li-a. Đội quân "Áo đỏ" hơn 0000 người do Ga-ri-ban-đi chỉ huy đã rời Giê-nô-va, vượt biển đổ bộ lên đảo Xi-xi-li-a. Chỉ trong một thời gian ngắn, khoảng 0000 nông dân xin gia nhập đội quân "Áo đỏ" đã tiến vào thủ đô Na-pô-li, giải phóng toàn bộ miền Nam I-ta-li-a. Một chính quyền mới được thành lập do Ga-ri-ban-đi làm Chấp chính, những chính sách dân chủ được ban hành: chia đất công cho nông dân, những đặc quyền phong kiến bị bãi bỏ...
predict|62,64,LOC|84,87,LOC|56,57,LOC|12,14,LOC|15,17,LOC|34,35,PER|41,43,LOC|26,29,LOC|102,103,PER|91,94,LOC|51,52,PER
gold|62,64,LOC|22,29,ORG|56,57,LOC|92,94,LOC|12,14,LOC|42,43,LOC|102,103,PER|41,43,LOC|34,35,PER|77,81,MIL|86,87,LOC|26,29,LOC|93,94,LOC|16,17,LOC|51,52,PER|43,47,MIL|14,17,LOC

Ngày 0 - 0 - 0000, Hiệp hội các quốc gia Đông Nam Á (viết tắt theo tiếng Anh là ASEAN) được thành lập tại Băng Cốc (Thái Lan) với sự tham gia của năm nước: Inđônêxia, Malaixia, Xingapo, Thái Lan và Philíppin. Mục tiêu của ASEAN là phát triển kinh tế và văn hóa thông qua những nỗ lực hợp tác chung giữa các nước thành viên, trên tinh thần duy trì hòa bình và ổn định khu vực. Trong giai đoạn đầu (0000 - 0000), ASEAN là một tổ chức non trẻ, sự hợp tác trong khu vực còn lỏng lẻo, chưa có vị trí trên trường quốc tế. Sự khởi sắc của ASEAN được đánh dấu từ Hội nghị cấp cao lần thứ nhất họp tại Bali (Inđônêxia) tháng 0 - 0000, với việc kí Hiệp ước thân thiện và hợp tác ở Đông Nam Á (gọi tắt là Hiệp ước Bali).
predict|18,19,LOC|37,38,LOC|46,47,LOC|129,131,LOC|39,41,LOC|115,116,ORG|25,27,LOC|20,21,LOC|87,88,ORG|38,39,LOC|42,43,LOC|36,37,LOC|11,14,LOC|146,149,LOC|27,29,LOC
gold|6,14,ORG|18,19,LOC|37,38,LOC|87,88,LOC|20,21,ORG|129,130,LOC|130,131,LOC|39,41,LOC|115,116,ORG|25,27,LOC|11,14,BATTLE|38,39,LOC|42,43,LOC|36,37,LOC|46,47,ORG|27,29,LOC

Nhờ sự ổn định vững chắc về kinh tế, xã hội, các vua Cam-pu-chia thời Ăng-co đã không ngừng mở rộng quyền lực của mình ra bên ngoài. Trong các thế kỉ X - XII, Cam-pu-chia trở thành một trong những vương quốc mạnh và ham chiến trận nhất Đông Nam Á. Dưới thời Giay-a-vác-man VII (0000 - 0000), quân Cam-pu-chia đã tiến đánh Cham-pa (0000) và biến vương quốc này thành một tỉnh của Ăng-co, sau đó lại tiến hành thu phục vùng trung và hạ lưu Mê Nam, tiến đến tận Say Phong (gần Viêng Chăn). Ở thượng lưu sông Mê Nam, vua Giay-a-vác-man VII đã tiến đánh và thu phục địa bàn của Vương quốc Môn Ha-ri-pun-giay-a, tiến tới sát biên giới Mi-an-ma. Về phía nam, lãnh thổ Cam-pu-chia được mở rộng tới miền Bắc bán đảo Mã Lai.
predict|116,120,LOC|93,95,LOC|105,107,PER|136,142,LOC|59,61,MIL|75,76,LOC|96,98,LOC|64,65,LOC|35,36,LOC|13,14,LOC|131,132,LOC|86,90,LOC|54,56,PER|100,104,LOC|49,52,LOC|123,126,LOC
gold|93,95,LOC|125,126,LOC|105,107,PER|136,142,LOC|59,61,MIL|75,76,LOC|96,98,LOC|60,61,LOC|64,65,LOC|35,36,LOC|13,14,LOC|99,104,LOC|131,132,LOC|54,56,PER|116,120,ORG|49,52,LOC|84,90,LOC|138,142,LOC

Các cuộc chiến tranh liên miên hao người tốn của làm cho mâu thuẫn giai cấp ngày càng gay gắt. Nông dân khắp nơi vùng dậy khởi nghĩa, các thế lực cát cứ cũng tranh giành lẫn nhau, nhà Hán lung lay rồi sụp đổ. Trung Quốc lại bước vào thời kì loạn lạc kéo dài. Sau mấy thế kỉ rối ren, Lý Uyên dẹp tan được phe đối lập, đàn áp khởi nghĩa nông dân, lên ngôi Hoàng đế, lập ra nhà Đường (000 - 000).
predict|45,47,LOC|82,84,ORG|38,40,ORG
gold|45,47,LOC|82,84,ORG|38,40,ORG|62,64,PER

Năm 0000, khủng hoảng kinh tế diễn ra trầm trọng nhất: sản lượng công nghiệp chỉ còn 00,0% (so với năm 0000), 00,0 vạn công ti thương nghiệp, 00 công ti đường sắt bị phá sản, 00 vạn ngân hàng (chiếm 00% tổng số ngân hàng) phải đóng cửa, 00% dân trại bị phá sản... Số người thất nghiệp lên tới hàng chục triệu. Phong trào đấu tranh của các tầng lớp nhân dân lan rộng toàn nước Mĩ.
predict|78,79,LOC
gold|78,79,LOC

Lực lượng Tây Sơn đồng ở kinh thành tạm rút về mạn Ninh Bình, Thanh Hóa, rồi cho người vào Phú Xuân (Huế) cấp báo. Được tin đó, Bắc Bình vương Nguyễn Huệ quyết định làm lễ lên ngôi Hoàng đế, lấy niên hiệu là Quang Trung, chỉ huy quân tiến ra Bắc ; trên đường đi đã dừng lại ở Nghệ An, Thanh Hóa để tuyển thêm quân. Đúng vào đêm 00 Tết (tức 00 - 0 - 0000), quân ta được lệnh tiến công với khí thế từ lời hiểu dụ của vua Quang Trung: Đánh cho để dài tóc, Đánh cho để đen răng, Đánh cho nó chích luân bất phản, Đánh cho nó phiến giáp bất hoàn, Đánh cho sử tri Nam quốc anh hùng chi hữu chủ.
predict|2,4,LOC|22,23,LOC|125,127,LOC|28,30,LOC|61,63,LOC|95,98,PER|31,33,PER|20,22,LOC|45,47,LOC|11,14,LOC|63,65,LOC|14,16,LOC|52,53,LOC
gold|45,47,PER|22,23,LOC|12,14,LOC|61,63,LOC|63,65,LOC|31,33,PER|2,4,ORG|20,22,LOC|0,4,MIL|95,97,PER|14,16,LOC

Về kinh tế, bước vào thập kỉ 00, sau khi trải qua một đợt suy thoái ngắn, từ năm 0000 trở đi, kinh tế Tây Âu đã có sự phục hồi và phát triển. Năm 0000, mức tăng trưởng của kinh tế Pháp là 0,0%, Anh: 0,0%, Đức: 0,0% và Italia: 0,0%. Tây Âu vẫn là một trong ba trung tâm kinh tế - tài chính lớn nhất thế giới. Đến giữa thập kỉ 00, chỉ riêng 00 nước thành viên EU đã có số dân tổng cộng là 000 triệu người, GDP hơn 0000 tỉ USD, chiếm khoảng 0/0 tổng sản phẩm công nghiệp của thế giới.
predict|45,46,LOC|24,26,LOC|50,51,LOC|42,43,LOC|52,54,LOC
gold|45,46,LOC|24,26,LOC|47,48,LOC|50,51,LOC|81,82,ORG|42,43,LOC|52,54,LOC

Mâu thuẫn xã hội cũng được phản ánh trong cuộc đấu tranh trên lĩnh vực tư tưởng. Những thành tựu mới của khoa học, sự phát triển của mầm mống kinh tế tư bản chủ nghĩa đã giúp những người có tư tưởng tiến bộ phê phán những giáo lí lạc hậu, những quan điểm lỗi thời và đề xuất những tư tưởng mới tiến bộ, thúc đẩy xã hội tiến lên. Do vậy, trào lưu tư tưởng ở Pháp vào thế kỉ XVIII được gọi là trào lưu Triết học Ánh sáng, tiêu biểu là Mông-te-xki-ơ, Vôn-te, Rút-xô. Các ông đã kịch liệt phê phán sự thối nát của chế độ phong kiến và nhà thờ Ki-tô giáo, đưa ra những lí thuyết về việc xây dựng nhà nước mới. Những quan điểm tiến bộ của Triết học Ánh sáng đã tấn công vào hệ tư tưởng của chế độ phong kiến, dọn đường cho cuộc cách mạng xã hội bùng nổ.
predict|96,98,PER|79,80,LOC|98,99,PER|115,118,ORG
gold|98,99,PER|79,80,LOC|97,98,PER|96,97,PER

Từ ngày 00 đến ngày 00 - 0 - 0000, Đại hội đại biểu lần thứ nhất của Đảng họp tại Ma Cao (Trung Quốc). Tham dự Đại hội có 00 đại biểu, thay mặt cho hơn 000 đảng viên thuộc các đảng bộ trong nước và các tổ chức Đảng đang hoạt động ở nước ngoài. Sau khi đánh giá tình hình, Đại hội xác định ba nhiệm vụ chủ yếu của Đảng trong thời gian trước mắt là: củng cố và phát triển Đảng, tranh thủ quần chúng rộng rãi, chống chiến tranh đế quốc. Đại hội thông qua Nghị quyết chính trị, Điều lệ Đảng, các nghị quyết về vận động công nhân, nông dân, binh lính, thanh niên, phụ nữ, về công tác trong các dân tộc thiểu số, về đội tự vệ và cứu tế đỏ. Đại hội bầu ra Ban Chấp hành Trung ương gồm 00 người, do Lê Hồng Phong làm Tổng Bí thư. Nguyễn Ái Quốc được cử làm đại diện của Đảng tại Quốc tế Cộng sản. Đại hội đại biểu lần thứ nhất của Đảng đánh dấu một mốc quan trọng: Đảng đã khôi phục được hệ thống tổ chức từ trung ương đến địa phương, cũng như khôi phục được các tổ chức quần chúng.
predict|21,23,LOC|154,157,PER|23,25,LOC|172,176,ORG|161,164,PER
gold|21,23,LOC|154,157,PER|23,25,LOC|172,176,ORG|161,164,PER

Hoàng Tá Viêm, Trương Quang Đản đem quân chốt giữ Sơn Tây, Bắc Ninh, hình thành hai gọng kìm áp sát Hà Nội. Nhân dân không bán lương thực cho Pháp. Nhiều đội nghĩa dũng được thành lập ở các tỉnh, tự động rào làng, đắp cản. Khi Pháp đánh Nam Định, nhân dân đốt hết các dãy phố dọc sông Vị Hoàng phía ngoài thành, tạo nên bức tường lửa ngăn quân giặc. Nguyễn Hữu Bản, con của Nguyễn Mậu Kiến, nối tiếp chí cha, mộ quân đánh Pháp và đã hi sinh trong chiến đấu. Vòng vây của quân dân ta xung quanh Hà Nội ngày càng siết chặt đã buộc Ri-vi-e phải đưa quân từ Nam Định về ứng cứu. Ngày 00 - 0 - 0000, một toán quân Pháp do Ri-vi-e đích thân chỉ huy tiến ra ngoài Hà Nội theo đường đi Sơn Tây. Nhưng đến Cầu Giấy bị đội quân thiện chiến của Hoàng Tá Viêm và Lưu Vĩnh Phúc đổ ra đánh. Hàng chục tên giặc bị tiêu diệt, trong đó có cả Tổng chỉ huy quân Pháp ở Bắc Kì là Ri-vi-e.
predict|134,135,PER|50,52,LOC|89,90,LOC|118,120,LOC|113,114,PER|3,6,PER|74,77,PER|146,149,LOC|79,82,PER|105,107,LOC|186,188,LOC|151,153,LOC|183,185,MIL|163,166,PER|12,14,LOC|131,133,MIL|159,162,PER|10,12,LOC|189,190,LOC|30,31,LOC|21,23,LOC|0,3,PER|48,49,LOC|142,144,LOC
gold|189,190,PER|134,135,PER|50,52,LOC|89,90,LOC|118,120,LOC|113,114,PER|3,6,PER|130,133,MIL|74,77,PER|79,82,PER|105,107,LOC|186,188,LOC|147,149,LOC|151,153,LOC|183,185,MIL|60,63,LOC|163,166,PER|12,14,LOC|159,162,PER|10,12,LOC|30,31,LOC|21,23,LOC|0,3,PER|48,49,LOC|142,144,LOC

Trong điều kiện khó khăn hơn nhiều so với thời kì thực dân Pháp mới xâm chiếm Nam Kì, phong trào kháng chiến ở ba tỉnh miền Tây vẫn diễn ra sôi nổi, bền bỉ. Tuy nhiên, do tương quan lực lượng ngày một chênh lệch không có lợi cho ta, vũ khí thì thô sơ, cuối cùng phong trào đều bị đàn áp và thất bại. Cuộc kháng chiến của nhân dân Nam Kì nói chung, của nhân dân ba tỉnh miền Tây nói riêng, là những biểu hiện cụ thể, sinh động lòng yêu nước nồng nàn, ý chí bất khuất chống ngoại xâm của nhân dân ta.
predict|82,84,LOC|73,75,LOC|26,28,LOC|11,14,LOC|17,19,LOC
gold|82,84,LOC|73,75,LOC|26,28,LOC|11,14,LOC|17,19,LOC

Để khắc phục tình trạng trống rỗng về ngân sách, Chính phủ kêu gọi tinh thần tự nguyện đóng góp của nhân dân cả nước. Hưởng ứng cuộc vận động xây dựng "Quỹ độc lập", phong trào "Tuần lễ vàng" do Chính phủ phát động, nhân dân ta hăng hái đóng góp tiền của, vàng, bạc ủng hộ nền độc lập của Tổ quốc. Chỉ trong thời gian ngắn, nhân dân đã tự nguyện đóng góp 000 kilôgam vàng, 00 triệu đồng vào "Quỹ độc lập", 00 triệu đồng vào "Quỹ đảm phụ quốc phòng". Ngày 00 - 00 - 0000, Quốc hội quyết định cho lưu hành tiền Việt Nam trong cả nước, thay cho tiền Đông Dương của Pháp trước đây.
predict|117,119,LOC|109,111,LOC|120,121,LOC
gold|117,119,LOC|109,111,LOC|120,121,LOC

Những hiệp ước bất bình đẳng mà Mạc phủ kí với nước ngoài làm cho các tầng lớp trong xã hội phản ứng mạnh mẽ. Phong trào đấu tranh chống Sôgun phát triển mạnh vào những năm 00 của thế kỉ XIX đã làm sụp đổ chế độ Mạc phủ. Tháng 0 - 0000, sau khi lên ngôi Thiên hoàng Minh Trị đã thực hiện một loạt cải cách tiến bộ nhằm đưa Nhật Bản thoát khỏi tình trạng một nước phong kiến lạc hậu. Đó là cuộc Duy tân Minh Trị, được tiến hành trên tất cả các lĩnh vực: chính trị, kinh tế, quân sự, văn hóa - giáo dục... Về chính trị: Nhật hoàng tuyên bố thủ tiêu chế độ Mạc phủ, thành lập chính phủ mới, trong đó đại biểu của tầng lớp quý tộc tư sản hóa đóng vai trò quan trọng, thực hiện quyền bình đẳng giữa các công dân. Năm 0000, Hiến pháp mới được ban hành, chế độ quân chủ lập hiến được thiết lập.
predict|73,75,LOC|58,62,PER|115,116,LOC|87,92,BATTLE
gold|123,125,ORG|90,92,PER|115,117,PER|73,75,LOC|60,62,PER

Chiến thắng Cầu Giấy lần thứ nhất khiến cho nhân dân ta vô cùng phấn khởi ; ngược lại, làm cho thực dân Pháp hoang mang, lo sợ và tìm cách thương lượng. Triều đình Huế lại kí kết Hiệp ước năm 0000 (Hiệp ước Giáp Tuất), theo đó quân Pháp rút khỏi Hà Nội và các tỉnh đồng bằng Bắc Kì, nhưng vẫn có điều kiện tiếp tục xây dựng cơ sở để thực hiện các bước xâm lược về sau. Hiệp ước 0000 gồm 00 điều khoản. Với Hiệp ước này, triều đình nhà Nguyễn chính thức thừa nhận sáu tỉnh Nam Kì là đất thuộc Pháp, công nhận quyền đi lại, buôn bán, kiểm soát và điều tra tình hình ở Việt Nam của chúng... Hiệp ước 0000 gây bất bình lớn trong nhân dân và sĩ phu yêu nước. Phong trào đấu tranh phản đối Hiệp ước dâng cao trong cả nước, đáng chú ý nhất là cuộc nổi dậy ở Nghệ An, Hà Tĩnh do Trần Tấn, Đặng Như Mai, Nguyễn Huy Điển lãnh đạo.
predict|172,175,PER|21,24,LOC|53,55,LOC|49,51,MIL|124,126,LOC|0,4,BATTLE|102,105,LOC|60,62,LOC|93,97,ORG|165,167,LOC|170,172,PER|175,178,PER|167,169,LOC|33,36,ORG|108,109,LOC
gold|172,175,PER|21,24,LOC|53,55,LOC|143,151,BATTLE|49,51,MIL|103,105,LOC|124,126,LOC|93,97,ORG|165,167,LOC|170,172,PER|175,178,PER|167,169,LOC|33,36,ORG|108,109,LOC|58,62,LOC

Về kinh tế, sau Chiến tranh thế giới thứ hai, nền kinh tế Mĩ phát triển mạnh mẽ. Trong khoảng nửa sau những năm 00, sản lượng công nghiệp Mĩ chiếm tới hơn một nửa sản lượng công nghiệp toàn thế giới (năm 0000 là hơn 00%). Năm 0000, sản lượng nông nghiệp Mĩ bằng hai lần sản lượng của các nước Anh, Pháp, Cộng hòa Liên bang Đức, Italia và Nhật Bản cộng lại. Mĩ nắm hơn 00% số tàu bè đi lại trên mặt biển, 0/0 dự trữ vàng của thế giới ; nền kinh tế Mĩ chiếm gần 00% tổng sản phẩm kinh tế thế giới.
predict|53,54,LOC|98,99,LOC|69,70,LOC|63,64,LOC|29,30,LOC|75,76,LOC|13,14,LOC|71,73,LOC|64,69,LOC|4,10,BATTLE|62,63,LOC
gold|53,54,LOC|98,99,LOC|69,70,LOC|63,64,LOC|29,30,LOC|75,76,LOC|13,14,LOC|71,73,LOC|64,69,LOC|4,10,BATTLE|62,63,LOC

Trong giai đoạn đế quốc chủ nghĩa, các mâu thuẫn xã hội: giữa các nước đế quốc với nhau, giữa đế quốc với nhân dân thuộc địa, giữa giai cấp tư sản với công nhân và nhân dân lao động trong các nước tư bản... càng trở nên sâu sắc. Tình hình đó dẫn đến nhiều cuộc đấu tranh giai cấp và cách mạng xã hội nhằm thủ tiêu ách áp bức, bóc lột, giải phóng nhân dân lao động.
predict|
gold|

Sau thất bại trong cuộc chiến tranh xâm lược Việt Nam, Mĩ phải kí Hiệp định Pari (0000) và rút quân về nước, các chính quyền Mĩ tiếp tục triển khai "chiến lược toàn cầu". Với học thuyết Rigân, Mĩ vẫn tăng cường chạy đua vũ trang. Sự đối đầu Xô - Mĩ đã làm suy giảm vị trí kinh tế và chính trị của Mĩ trong khi Tây Âu và Nhật Bản lại có điều kiện vươn lên. Từ giữa những năm 00, xu hướng đối thoại và hòa hoãn ngày càng chiếm ưu thế trên thế giới. Trong bối cảnh đó, tháng 00 - 0000, Mĩ và Liên Xô đã chính thức tuyên bố chấm dứt Chiến tranh lạnh, mở ra thời kì mới trên trường quốc tế.
predict|4,11,BATTLE|52,53,LOC|11,12,LOC|107,108,LOC|65,66,LOC|39,40,LOC|16,17,LOC|71,73,LOC|109,111,LOC|68,70,LOC|26,27,LOC
gold|4,11,BATTLE|11,12,LOC|107,108,LOC|24,27,ORG|65,66,LOC|26,27,LOC|50,51,LOC|39,40,LOC|16,17,LOC|71,73,LOC|9,11,LOC|109,111,LOC|68,70,LOC|52,53,LOC

Thời Tần, Hán, Trung Quốc phát minh ra nông lịch, chia 0 năm thành 00 tiết để nông dân có thể dựa vào đó mà biết thời vụ sản xuất. Trương Hành còn làm được một dụng cụ để đo động đất gọi là địa động nghi... Từ rất sớm, Trung Quốc đã có nhiều thầy thuốc giỏi. Nổi tiếng nhất là Hoa Đà (thời Hán), người đầu tiên của Trung Quốc đã biết dùng phẫu thuật để chữa bệnh. Tác phẩm Bản thảo cương mục của Lý Thời Trân là một quyển sách thuốc rất có giá trị. Về mặt kĩ thuật, Trung Quốc có 0 phát minh quan trọng: giấy, kĩ thuật in, la bàn và thuốc súng. Đó là những cống hiến rất lớn của nhân dân Trung Quốc với nền văn minh thế giới. Trung Quốc có nhiều công trình kiến trúc nghệ thuật đặc sắc: Vạn lí trường thành, những cung điện cổ kính, những bức tượng Phật sinh động... còn được lưu giữ đến ngày nay.
predict|30,32,PER|138,140,LOC|50,52,LOC|3,5,LOC|62,64,PER|103,105,LOC|87,90,PER|130,132,LOC|70,72,LOC
gold|150,154,LOC|30,32,PER|138,140,LOC|50,52,LOC|3,5,LOC|62,64,PER|103,105,LOC|87,90,PER|130,132,LOC|70,72,LOC

Cuộc chiến tranh nông dân Đức là một sự kiện có ý nghĩa lịch sử lớn lao. Nó biểu hiện tinh thần đấu tranh quyết liệt và khí phách anh hùng của nông dân Đức đấu tranh chống lại Giáo hội và chế độ phong kiến. Nó cũng báo hiệu sự khủng hoảng suy vong của chế độ phong kiến.
predict|0,6,BATTLE|34,35,LOC
gold|5,6,LOC|0,6,BATTLE|34,35,LOC

Năm 00, cuộc khởi nghĩa chống ách đô hộ đầu tiên của nhân dân Âu Lạc bùng nổ. Từ đó cho đến đầu thế kỉ X, nhiều cuộc khởi nghĩa đã liên tiếp nổ ra ở ba quận Giao Chỉ, Cửu Chân và Nhật Nam. Từ sau cuộc khởi nghĩa Hai Bà Trưng năm 00 đến khởi nghĩa Khúc Thừa Dụ năm 000, đã diễn ra các cuộc khởi nghĩa của nhân dân Nhật Nam (năm 000, 000, 000), nhân dân Cửu Chân (năm 000) nhân dân ba quận Giao Chỉ, Cửu Chân, Nhật Nam nổi dậy liên tục (000 - 000), tiếp sau đó là khởi nghĩa Bà Triệu (năm 000), khởi nghĩa Lý Bí (năm 000), khởi nghĩa Đinh Kiến, Lý Tự Tiên (năm 000), khởi nghĩa Mai Thúc Loan (000 - 000), khởi nghĩa Phùng Hưng (khoảng 000 - 000), khởi nghĩa Dương Thanh (000 - 000). Nhiều cuộc khởi nghĩa được các tầng lớp nhân dân ba quận tham gia, hưởng ứng, giành được thắng lợi, lập được chính quyền tự chủ trong một thời gian.
predict|93,95,LOC|40,42,LOC|89,91,LOC|38,40,LOC|122,125,PER|120,122,PER|73,75,LOC|106,110,BATTLE|129,132,PER|114,116,PER|47,61,BATTLE|91,93,LOC|43,45,LOC|14,16,LOC|143,147,BATTLE|81,83,LOC|135,139,BATTLE
gold|137,139,PER|73,75,LOC|106,110,BATTLE|91,93,LOC|43,45,LOC|143,147,BATTLE|93,95,LOC|127,132,BATTLE|118,125,BATTLE|112,116,BATTLE|56,61,BATTLE|114,116,PER|135,139,BATTLE|38,40,LOC|129,132,PER|145,147,PER|58,61,PER|108,110,PER|14,16,LOC|81,83,LOC|40,42,LOC|47,53,BATTLE|89,91,LOC|50,53,PER

Tháng 0 - 0000, Tổng thống Níchxơn sang thăm Trung Quốc, mở ra thời kì mới trong quan hệ giữa hai nước. Năm 0000, quan hệ ngoại giao giữa Mĩ và Trung Quốc được thiết lập. Đến tháng 0 - 0000, Níchxơn tới thăm Liên Xô, thực hiện sách lược hòa hoãn với hai nước lớn để chống lại phong trào đấu tranh cách mạng của các dân tộc.
predict|31,33,LOC|29,30,LOC|6,7,PER|41,42,LOC|44,46,LOC|9,11,LOC
gold|31,33,LOC|29,30,LOC|6,7,PER|44,46,LOC|41,42,PER|9,11,LOC

Khoảng tháng 0 - 0000, các cán bộ lãnh đạo tiên tiến trong Tổng bộ và Kì bộ Việt Nam Cách mạng Thanh niên ở Nam Kì cũng đã quyết định thành lập An Nam Cộng sản đảng. Tờ báo Đỏ là cơ quan ngôn luận của Đảng. Vào khoảng tháng 00 - 0000, An Nam Cộng sản đảng họp đại hội để thông qua đường lối chính trị và bầu Ban Chấp hành Trung ương của Đảng. Tháng 0 - 0000, những người giác ngộ cộng sản trong Đảng Tân Việt tuyên bố Đông Dương Cộng sản liên đoàn chính thức thành lập. Sự ra đời của ba tổ chức cộng sản là một xu thế khách quan của cuộc vận động giải phóng dân tộc ở Việt Nam theo con đường cách mạng vô sản. Nhưng các tổ chức đó đều hoạt động riêng rẽ, tranh giành ảnh hưởng với nhau, làm cho phong trào cách mạng trong nước có nguy cơ dẫn đến sự chia rẽ lớn. Giữa lúc đó, Nguyễn Ái Quốc được tin Hội Việt Nam Cách mạng Thanh niên phân liệt thành hai nhóm, mỗi nhóm tổ chức thành một đảng cộng sản. Người liền rời khỏi Xiêm, sang Trung Quốc để thống nhất các tổ chức cộng sản.
predict|173,176,PER|178,185,ORG|18,24,ORG|89,92,ORG|203,204,LOC|205,207,LOC|54,58,ORG|25,27,LOC|33,38,ORG|94,98,ORG|128,130,LOC
gold|173,176,PER|178,185,ORG|94,100,ORG|18,24,ORG|89,92,ORG|203,204,LOC|205,207,LOC|13,15,ORG|18,20,LOC|54,56,LOC|16,24,ORG|25,27,LOC|33,38,ORG|54,59,ORG|33,35,LOC|71,76,ORG|128,130,LOC|179,181,LOC

Nhu cầu dùng máy tăng lên đã thúc đẩy ngành chế tạo máy ra đời và phát triển, đồng thời đòi hỏi số lượng và chất lượng kim loại nhiều và cao hơn. Phát minh về phương pháp nấu than cốc năm 0000 là một đóng góp quan trọng cho việc luyện gang thép. Lò luyện gang đầu tiên được xây dựng năm 0000 làm tăng gấp nhiều lần khả năng sản xuất đồ kim loại, dẫn đến việc các cầu gỗ ở Anh dần được thay thế bằng các cầu sắt. Ngành giao thông vận tải cũng có những bước tiến lớn. Trước đó, phương tiện vận chuyển chủ yếu dựa vào sức kéo của súc vật (xe ngựa, xe bò...) hoặc là thuyền bè nhờ sức gió và sức đẩy của nước. Đầu thế kỉ XIX, tàu thủy và xe lửa đã xuất hiện với đầu máy chạy bằng hơi nước.
predict|83,84,LOC
gold|83,84,LOC

Mùa hè năm 0000, Mĩ - Anh và quân Đồng minh mở Mặt trận thứ hai ở Tây Âu bằng cuộc đổ bộ tại Noóc-măng-đi (miền Bắc Pháp). Phong trào khởi nghĩa vũ trang của nhân dân Pháp nổi lên khắp nơi, giải phóng nhiều vùng rộng lớn, làm chủ Pa-ti. Chính phủ lâm thời của nước Cộng hòa Pháp được thành lập. Nước Pháp được giải phóng khỏi ách phát xít. Tiếp sau, quân Đồng minh tiến vào giải phóng các nước Bỉ, Hà Lan, Lúc-xăm-bua và chuẩn bị tấn công nước Đức. Từ tháng 0 - 0000, Hồng quân Liên Xô cũng bắt đầu cuộc tấn công nước Đức ở Mặt trận phía Đông.
predict|84,86,LOC|6,7,LOC|37,38,LOC|110,111,LOC|112,116,LOC|50,51,LOC|83,84,LOC|86,87,LOC|26,28,LOC|64,65,LOC|93,94,LOC|4,5,LOC|24,25,LOC|57,60,LOC|74,77,MIL|99,103,MIL|8,11,MIL|17,19,LOC
gold|27,28,LOC|83,84,LOC|6,7,LOC|101,103,LOC|25,28,LOC|86,87,LOC|64,65,LOC|4,5,LOC|74,77,MIL|12,16,LOC|110,111,LOC|50,51,LOC|24,25,LOC|99,103,MIL|8,11,MIL|17,19,LOC|84,86,LOC|37,38,LOC|59,60,LOC|93,94,LOC|57,60,LOC|112,116,LOC

Vương quốc Lan Xang bước vào giai đoạn thịnh vượng ở các thế kỉ XV - XVII. Các vua Lan Xang chia đất nước thành các mường, đặt quan cai trị, xây dựng quân đội do nhà vua chỉ huy. Nhiều người châu Âu đến buôn bán thời kì này đã miêu tả cuộc sống thanh bình, trù phú của người Lào và cho biết đất nước có nhiều sản vật quý như thổ cẩm, cánh kiến, ngà voi... Trong quan hệ đối ngoại, Lan Xang luôn chú ý giữ quan hệ hòa hiếu với các nước láng giềng, đồng thời cũng cương quyết chiến đấu chống quân xâm lược Mi-an-ma vào nửa sau thế kỉ XVI để bảo vệ lãnh thổ và nền độc lập của mình.
predict|84,86,LOC|107,111,MIL|19,21,LOC|61,62,LOC|42,44,LOC|0,4,LOC
gold|84,86,LOC|110,111,LOC|107,111,MIL|19,21,LOC|61,62,LOC|42,44,LOC|0,4,LOC

Nghệ thuật cũng có những bước phát triển mới. Trong các thế kỉ X - XIV, những công trình nghệ thuật Phật giáo được xây dựng ở khắp mọi nơi như chùa Một Cột (Diên Hựu), chùa Dâu, chùa Phật Tích, chùa Dạm, tháp Báo Thiên, tháp Phổ Minh. Chuông, tượng cũng được đúc, tạc rất nhiều. Cuối thế kỉ XIV, thành nhà Hồ (Vĩnh Lộc - Thanh Hóa) được xây dựng và trở thành một điển hình của nghệ thuật xây thành ở nước ta. Ở phía nam, nhiều đền tháp Chăm được xây dựng thêm, mang phong cách nghệ thuật đặc sắc. Xuất hiện nhiều tác phẩm điêu khắc mang những họa tiết hoa văn độc đáo như rồng mình trơn cuộn trong lá đề, bông cúc nhiều cánh, bệ chân cột hình hoa sen nở... cùng nhiều bức phù điêu có hình các cô tiên, các vũ nữ vừa múa vừa đánh đàn.
predict|67,69,LOC|44,46,LOC|34,36,PER|62,64,ORG|39,41,PER|47,50,PER|64,66,PER
gold|34,36,LOC|87,89,LOC|64,66,LOC|62,64,ORG|67,69,LOC|61,64,LOC

Công xã Pa-ri chỉ tồn tại 00 ngày, nhưng để lại "một kinh nghiệm lịch sử có ý nghĩa vô cùng to lớn, một bước tiến nhất định của cách mạng vô sản trên thế giới" (Lê-nin). Mặc dù thất bại, những chính sách mà Công xã đề ra đã thể hiện sự sáng tạo hình thức nhà nước kiểu mới dựa trên cơ sở dân chủ vô sản và hoạt động vì lợi ích của đa số nhân dân lao động.
predict|36,37,PER|2,3,LOC
gold|36,37,PER|0,3,ORG|2,3,LOC

Sự phát triển của chủ nghĩa tư bản làm cho nông dân Đức càng phân hóa sâu sắc. Phần lớn nông dân bị phá sản phải đi làm thuê cho quý tộc, địa chủ, hoặc đi kiếm ăn ở các cơ sở công nghiệp. Hiến pháp 0000 quy định nước Đức là một Liên bang gồm 00 bang và 0 thành phố tự do, theo chế độ quân chủ lập hiến. Trong nhà nước liên bang, Hoàng đế là người đứng đầu, có quyền hạn tối cao (tổng chỉ huy quân đội, bổ nhiệm và cách chức thủ tướng, triệu tập và giải tán Quốc hội...). Quyền lập pháp trong tay hai viện: Hội đồng Liên bang (Thượng viện) gồm đại biểu các bang và Quốc hội (Hạ viện) do bầu cử, nhiệm kì 0 năm. Các bang vẫn giữ hình thức vương quốc (có vua, chính phủ và quốc hội riêng), nhưng quyền hạn bị thu hẹp.
predict|113,119,ORG|50,51,LOC|12,13,LOC
gold|50,51,LOC|12,13,LOC

Công cuộc xây dựng và bảo vệ đất nước đòi hỏi các dân tộc trên lãnh thổ Xô viết phải liên minh chặt chẽ với nhau nhằm tăng cường sức mạnh về mọi mặt. Dưới sự chỉ đạo trực tiếp của Lê-nin, Đại hội lần thứ nhất các xô viết toàn Liên bang, diễn ra cuối tháng 00 - 0000, đã tuyên bố thành lập Liên bang Cộng hòa xã hội chủ nghĩa Xô viết (gọi tắt là Liên Xô), gồm 0 nước Cộng hòa Xô viết đầu tiên là Nga, U-crai-na, Bê-lô-rút-xi-a và Ngoại Cáp-ca-dơ. Mặc dù có sự chênh lệch về trình độ phát triển kinh tế, về dân số và diện tích giữa các nước cộng hòa, nhưng tư tưởng chỉ đạo cơ bản của Lê-nin trong việc thành lập Liên Xô là sự bình đẳng về mọi mặt và quyền tự quyết của các dân tộc, sự giúp đỡ lẫn nhau vì mục tiêu chung là xây dựng thành công chủ nghĩa xã hội.
predict|91,92,LOC|78,80,LOC|128,129,PER|41,42,LOC|133,135,LOC|65,75,ORG|92,93,LOC|90,91,LOC|94,96,LOC|83,86,LOC|17,19,LOC
gold|65,75,LOC|90,91,LOC|91,92,LOC|78,80,LOC|128,129,PER|48,50,LOC|133,135,LOC|92,93,LOC|41,42,PER|94,96,LOC|17,19,LOC

Gần như đồng thời với phong trào Duy tân, một cuộc khởi nghĩa vũ trang của nông dân chống đế quốc đã diễn ra ở miền Bắc Trung Quốc - phong trào Nghĩa Hòa đoàn. Bùng nổ ở Sơn Đông, phong trào nhanh chóng lan rộng ra Trực Lệ, Sơn Tây Nghĩa quân tấn công các sứ quán nước ngoài ở Bắc Kinh. Ngay sau đó, liên quân 0 nước (Anh, Nhật Bản, Đức, Mĩ, Nga, Pháp, Áo - Hung, I-ta-li-a) tiến vào Bắc Kinh, đàn áp phong trào. Nghĩa Hòa đoàn đã chiến đấu chống xâm lăng, nhưng cuối cùng bị đánh bại vì thiếu sự lãnh đạo thống nhất, thiếu vũ khí. Nhà Mãn Thanh lại một lần nữa đầu hàng đế quốc, kí Điều ước Tân Sửu (0000), theo đó Trung Quốc phải trả một khoản tiền lớn để bồi thường chiến tranh và buộc phải để cho các nước đế quốc được quyền đóng quân ở Bắc Kinh. Với Điều ước Tân Sửu, Trung Quốc đã thực sự trở thành nước nửa thuộc địa, nửa phong kiến.
predict|76,77,LOC|47,49,LOC|70,71,LOC|75,76,LOC|77,80,LOC|167,169,LOC|83,85,LOC|73,74,LOC|38,40,LOC|61,63,LOC|133,135,LOC|114,117,ORG|160,162,LOC|30,34,BATTLE|89,91,LOC|49,51,LOC|25,29,LOC|74,75,LOC|165,167,LOC|71,73,LOC|80,81,LOC
gold|76,77,LOC|47,49,LOC|70,71,LOC|32,35,ORG|89,92,ORG|75,76,LOC|66,70,MIL|77,80,LOC|30,35,BATTLE|167,169,LOC|83,85,LOC|73,74,LOC|27,29,LOC|38,40,LOC|61,63,LOC|133,135,LOC|114,117,ORG|160,162,LOC|25,29,LOC|74,75,LOC|71,73,LOC|49,53,ORG|80,81,LOC

Năm thế kỉ đầu thời phong kiến cũng là những thế kỉ liên tục nhân dân cùng các vương triều Tiền Lê, Lý, Trần hợp sức, đồng lòng cầm vũ khí chống lại những cuộc xâm lược lớn của nhà Tống, nhà Nguyên, bảo vệ vững chắc nền độc lập dân tộc. Đầu thế kỉ XV, cuộc kháng chiến của nhà Hồ thất bại, quân Minh thiết lập nền đô hộ. Không chấp nhận cảnh mất nước, hàng loạt cuộc khởi nghĩa của nhân dân Đại Việt đã bùng nổ ở miền xuôi và miền núi, cuối cùng, hợp nhất lại trong cuộc khởi nghĩa Lam Sơn, đánh bại quân đô hộ, giành lại độc lập cho đất nước, "mở nền thái bình muôn thuở".
predict|19,23,ORG|85,87,LOC|60,62,ORG|41,43,ORG|102,107,BATTLE|64,66,MIL|39,41,ORG
gold|56,62,BATTLE|22,23,ORG|85,87,LOC|60,62,ORG|23,24,ORG|41,43,ORG|102,107,BATTLE|105,107,ORG|65,66,ORG|64,66,MIL|18,22,ORG|39,41,ORG

Công lao của các nhà xã hội không tưởng là phê phán sâu sắc xã hội tư bản, có ý thức bảo vệ quyền lợi của giai cấp công nhân, dự đoán về xã hội tương lai. Nhưng họ không phát hiện được những quy luật phát triển của chế độ tư bản và cũng không nhìn thấy lực lượng xã hội có khả năng xây dựng xã hội mới là giai cấp công nhân nên các kế hoạch đề ra đều không thực hiện được. Tuy vậy, trong bối cảnh xã hội bấy giờ, chủ nghĩa xã hội không tưởng là một trào lưu tư tưởng tiến bộ, có tác dụng cổ vũ những người lao động và là một trong những tiền đề cho học thuyết Mác sau này.
predict|128,129,PER
gold|128,129,PER

Được tin Pháp mở cuộc tấn công, triều đình Huế vô cùng bối rối, xin đình chiến. Ngày 00 - 0 - 0000, triều đình HUế kí với Pháp một bản hiệp ước do Pháp thảo sẵn (thường gọi là Hiệp ước Hácmăng). Hiệp ước Hácmăng có những nội dung chủ yếu sau đây: Việt Nam đặt dưới sự "bảo hộ" của Pháp. Nam Kì là xứ thuộc địa từ năm 0000 nay được mở rộng ra đến hết tỉnh Bình Thuận. Bắc Kì (gồm cả Thanh - Nghệ - Tĩnh) là đất bảo hộ. Trung Kì (phần đất còn lại) giao cho triều đình quản lí. Đại diện của Pháp ở Huế trực tiếp điều khiển các công việc ở Trung Kì. Mọi việc giao thiệp của Việt Nam với nước ngoài (kể cả với Trung Quốc) đều do Pháp nắm giữ.
predict|54,56,LOC|95,97,LOC|121,123,LOC|63,65,LOC|62,63,LOC|136,138,LOC|88,91,LOC|82,84,LOC|23,26,ORG|86,87,LOC|112,113,LOC|128,130,LOC|2,3,LOC|110,111,LOC|28,29,LOC|140,141,LOC|80,82,LOC|7,10,ORG|42,43,LOC|34,35,LOC
gold|54,56,LOC|95,97,LOC|121,123,LOC|63,65,LOC|88,89,LOC|62,63,LOC|136,138,LOC|82,84,LOC|23,26,ORG|86,87,LOC|112,113,LOC|90,91,LOC|128,130,LOC|2,3,LOC|110,111,LOC|28,29,LOC|140,141,LOC|80,82,LOC|7,10,ORG|34,35,LOC

Nhằm hạn chế sự phá hoại của quân Trung Hoa Dân quốc và tay sai, tại kì họp đầu tiên (0 - 0 - 0000), Quốc hội khóa I đồng ý nhường cho các đảng Việt Quốc, Việt Cách 00 ghế trong Quốc hội không qua bầu cử cùng với 0 ghế bộ trưởng trong Chính phủ liên hiệp, Nguyễn Hải Thần (lãnh tụ Việt Cách) giữ chức Phó Chủ tịch nước ; đồng thời nhân nhượng cho quân Trung Hoa Dân quốc một số quyền lợi kinh tế như: cung cấp một phần lương thực, thực phẩm, phương tiện giao thông vận tải, cho phép lưu hành tiền Trung Quốc trên thị trường.
predict|35,37,ORG|78,83,MIL|55,59,ORG|59,62,PER|64,66,LOC|109,111,LOC|7,12,MIL
gold|37,39,ORG|25,29,ORG|78,83,MIL|8,12,LOC|79,83,LOC|64,66,ORG|59,62,PER|109,111,LOC|7,12,MIL|34,37,ORG

Ra-ma V đặc biệt quan tâm đến hoạt động ngoại giao. Nhờ chính sách ngoại giao mềm dẻo, nước Xiêm vừa lợi dụng vị trí nước "đệm" giữa hai thế lực đế quốc Anh - Pháp, vừa cắt nhượng một số vùng đất phụ thuộc (vốn là lãnh thổ của Cam-pu-chia, Lào và Mã Lai) để giữ gìn chủ quyền của đất nước. Nhờ vậy, Xiêm không bị biến thành thuộc địa như các nước trong khu vực, mà vẫn giữ được độc lập, mặc dù chịu nhiều lệ thuộc về chính trị, kinh tế vào Anh và Pháp.
predict|53,55,LOC|65,66,LOC|98,99,LOC|31,34,LOC|50,51,LOC|19,20,LOC|35,36,LOC|51,52,LOC|96,97,LOC|0,1,PER
gold|0,2,PER|53,55,LOC|65,66,LOC|98,99,LOC|31,34,LOC|50,51,LOC|19,20,LOC|35,36,LOC|51,52,LOC|96,97,LOC

Đầu tháng 00 - 0000, thực dân Pháp quay trở lại xâm lược Campuchia. Dưới sự lãnh đạo của Đảng Cộng sản Đông Dương và từ năm 0000 là Đảng Nhân dân Cách mạng Campuchia, nhân dân Campuchia tiến hành cuộc kháng chiến chống thực dân Pháp. Ngày 0 - 00 - 0000, do hoạt động ngoại giao của Quốc vương N. Xihanúc, Chính phủ Pháp kí hiệp ước trao trả độc lập cho Campuchia, nhưng quân Pháp vẫn chiếm đóng đất nước này. Sau chiến thắng Điện Biên Phủ, Chính phủ Pháp phải kí Hiệp định Giơnevơ năm 0000 công nhận độc lập, chủ quyền, thống nhất và toàn vẹn lãnh thổ của Campuchia, Lào và Việt Nam.
predict|117,119,LOC|59,62,ORG|37,38,LOC|5,8,LOC|29,35,ORG|63,66,ORG|19,24,ORG|114,115,LOC|76,78,MIL|90,93,ORG|62,63,ORG|13,14,LOC|74,75,LOC|115,116,LOC|40,47,BATTLE|87,90,LOC
gold|5,8,LOC|76,78,MIL|13,14,LOC|92,93,LOC|115,116,LOC|117,119,LOC|44,47,LOC|22,24,LOC|90,93,ORG|87,90,BATTLE|29,35,ORG|65,66,LOC|19,24,ORG|114,115,LOC|37,38,LOC|63,66,ORG|74,75,LOC|61,63,PER|34,35,LOC

Văn hóa thời Phục hưng đã lên án nghiêm khắc Giáo hội Kitô, tấn công vào trật tự xã hội phong kiến, đề cao giá trị nhân bản và tự do cá nhân, xây dựng thế giới quan tiến bộ. Đây là cuộc đấu tranh công khai đầu tiên trên lĩnh vực văn hóa, tư tưởng của giai cấp tư sản chống lại giai cấp phong kiến lỗi thời. Nó đã cổ vũ và mở đường cho văn hóa châu Âu phát triển hơn.
predict|79,81,LOC
gold|79,81,LOC

Kí Hiệp định Sơ bộ hòa hoãn với Pháp, ta đã tránh được cuộc chiến đấu bất lợi vì phải chống lại nhiều kẻ thù cùng một lúc, đẩy được 00 vạn quân Trung Hoa Dân quốc cùng bọn tay sai ra khỏi nước ta, có thêm thời gian hòa bình để củng cố chính quyền cách mạng, chuẩn bị lực lượng mọi mặt cho cuộc kháng chiến lâu dài chống thực dân Pháp về sau.
predict|32,37,MIL|71,74,LOC|0,1,PER|8,9,LOC
gold|32,37,MIL|33,37,LOC|71,74,LOC|73,74,LOC|8,9,LOC

Đầu thế kỉ X, sau khi giành được độc lập, tự chủ, nhân dân cả nước, từ miền xuôi đến miền ngược phấn khởi, ra sức khai phá đất hoang, mở rộng ruộng đồng, phát triển nông nghiệp nhằm nhanh chóng nâng cao đời sống, đưa đất nước ngày càng cường thịnh. Công cuộc khai hoang, mở rộng diện tích canh tác ngày càng gia tăng. Vùng châu thổ các sông lớn và vùng ven biển được khai phá. Nhiều xóm làng mới được thành lập. Các vua Tiền Lê, Lý hằng năm làm lễ cày ruộng để khuyến khích nhân dân sản xuất. Nhà Trần khuyến khích các quý tộc, vương hầu mộ dân nghèo đi khai hoang, thành lập điền trang. Đại Việt đương thời thường xuyên bị nạn lụt đe dọa, gây nhiều khó khăn. Nhà Lý chú trọng cho dân xây dựng những con đê. Năm 0000, nhà Trần tổ chức đắp đê từ đầu nguồn đến cửa biển dọc các con sông lớn, gọi là đê "quai vạc". Theo nhận xét của sứ thần Trung Quốc: "Từ đó thủy tai không còn nữa mà đời sống của dân cũng được sung sướng, đất không bỏ sót một nguồn lợi nào".
predict|104,106,ORG|138,140,ORG|88,91,PER|151,153,ORG|179,181,LOC
gold|104,106,ORG|138,140,ORG|123,125,LOC|88,90,ORG|90,91,ORG|151,153,ORG|179,181,LOC

Về chính trị, Bộ Chỉ huy tối cao lực lượng Đồng minh (viết tắt theo tiếng Anh là SCAP) đã loại bỏ chủ nghĩa quân phiệt và bộ máy chiến tranh của Nhật Bản. Tòa án Quân sự Viễn Đông đã xét xử tội phạm chiến tranh Nhật Bản (kết án tử hình 0 tên, tù chung thân 00 tên), Hiến pháp mới do SCAP tổ chức soạn thảo (có hiệu lực từ ngày 0 - 0 - 0000), quy định Nhật Bản là nước quân chủ lập hiến, nhưng thực chất là theo chế độ dân chủ đại nghị tư sản. Hiến pháp mới vẫn duy trì ngôi vị Thiên hoàng song chỉ mang tính tượng trưng, không còn quyền lực đối với Nhà nước ; xác định Nghị viện gồm hai viện, do nhân dân bầu ra, là cơ quan quyền lực tối cao giữ quyền lập pháp ; Chính phủ nắm quyền hành pháp, do Thủ tướng đứng đầu. Nhật Bản cam kết từ bỏ việc tiến hành chiến tranh, không đe dọa hoặc sử dụng vũ lực trong quan hệ quốc tế ; không duy trì quân đội thường trực, chỉ có lực lượng phòng vệ dân sự bảo đảm an ninh, trật tự trong nước.
predict|47,49,LOC|18,19,PER|162,164,LOC|32,34,LOC|38,40,PER|16,17,LOC|64,65,PER|81,83,LOC
gold|3,12,ORG|8,12,MIL|47,49,LOC|64,65,ORG|162,164,LOC|32,34,LOC|18,19,ORG|16,17,LOC|34,40,ORG|81,83,LOC

Từ ngày 00 đến ngày 00 - 0 - 0000, Đại hội đại biểu lần thứ II của Đảng Cộng sản Đông Dương họp ở xã Vinh Quang (Chiêm Hóa - Tuyên Quang). Đại hội thông qua hai bản báo cáo quan trọng: Báo cáo chính trị, do Chủ tịch Hồ Chí Minh trình bày, đã tổng kết kinh nghiệm đấu tranh của Đảng qua các chặng đường lịch sử đấu tranh oanh liệt kể từ ngày ra đời, khẳng định đường lối kháng chiến chống Pháp của Đảng. Báo cáo Bàn về cách mạng Việt Nam, do Tổng Bí thư Trường Chinh trình bày, nêu rõ nhiệm vụ cơ bản của cách mạng Việt Nam là đánh đuổi bọn đế quốc xâm lược, giành độc lập và thống nhất hoàn toàn cho dân tộc, xóa bỏ những tàn tích phong kiến và nửa phong kiến, thực hiện "người cày có ruộng", phát triển chế độ dân chủ nhân dân, gây cơ sở cho chủ nghĩa xã hội ở Việt Nam.
predict|31,33,LOC|25,28,LOC|114,116,LOC|28,30,LOC|86,87,LOC|95,97,LOC|18,23,ORG|169,171,LOC|101,103,PER|50,53,PER
gold|21,23,LOC|63,64,ORG|31,33,LOC|25,28,LOC|114,116,LOC|28,30,LOC|86,87,LOC|95,97,LOC|18,23,ORG|169,171,LOC|101,103,PER|88,89,ORG|50,53,PER

Thành Hà Nội bị giặc chiếm, quân triều đình tan rã nhanh chóng, nhưng nhân dân Hà Nội vẫn tiếp tục chiến đấu. Các sĩ phu, văn thân yêu nước đã lập Nghĩa hội, bí mật tổ chức chống Pháp. Tại các tỉnh Hưng Yên, Phủ Lí, Hải Dương, Ninh Bình, Nam Định..., quân Pháp cũng vấp phải sức kháng cự quyết liệt của quân dân ta. Trận đánh gây được tiếng vang lớn nhất lúc bấy giờ là trận phục kích của quân ta tại Cầu Giấy ngày 00 - 00 - 0000. Thừa lúc Gác-ni-ê đem quân xuống đánh Nam Định, việc canh phòng Hà Nội sơ hở, quân ta do Hoàng Tá Viêm chỉ huy (có sự phối hợp với đội quân Cờ đen của Lưu Vĩnh Phúc) từ Sơn Tây kéo về Hà Nội, hình thành trận tuyến bao vây quân địch. Nghe tin đó, Gác-ni-ê phải tức tốc đưa quân từ Nam Định trở về. Ngày 00 - 00 - 0000, Lưu Vĩnh Phúc kéo quân vào sát thành Hà Nội khiêu chiến. Gác-ni-ê đem quân đuổi theo. Rơi vào ổ phục kích của quân ta tại khu vực Cầu Giấy, toán quân Pháp, trong đó có cả Gác-ni-ê, đã bị tiêu diệt.
predict|96,97,PER|203,204,LOC|166,169,PER|47,49,LOC|53,55,MIL|124,126,MIL|173,176,LOC|149,150,PER|43,45,LOC|192,196,LOC|136,138,LOC|197,199,MIL|101,103,LOC|113,116,PER|16,18,LOC|128,131,PER|178,179,PER|106,108,LOC|132,134,LOC|39,40,LOC|156,158,LOC|0,3,PER|51,53,LOC|49,51,LOC|86,88,LOC|45,47,LOC
gold|96,97,PER|123,127,MIL|166,169,PER|47,49,LOC|53,55,MIL|196,199,MIL|173,176,LOC|149,150,PER|194,196,LOC|136,138,LOC|101,103,LOC|113,116,PER|203,204,PER|0,3,LOC|16,18,LOC|128,131,PER|178,179,PER|106,108,LOC|132,134,LOC|39,40,LOC|156,158,LOC|51,53,LOC|49,51,LOC|86,88,LOC|45,47,LOC|42,45,LOC

Từ đầu năm 0000, cục diện chiến trường Nam Kì có sự thay đổi. Nước Pháp đang sa lầy trong cuộc chiến tranh ở Trung Quốc và I-ta-li-a, phải cho rút toàn bộ số quân ở Đà Nẵng vào Gia Định (00 - 0 - 0000). Vì phải chia xẻ lực lượng cho các chiến trường khác, số quân còn lại ở Gia Định chỉ có khoảng 0000 tên, lại phải rải ra trên một chiến tuyến dài tới 00 km. Trong khi đó, quân triều đình vẫn đóng trong phòng tuyến Chí Hòa mới được xây dựng, trong tư thế "thủ hiểm".
predict|90,94,LOC|8,10,LOC|27,28,LOC|62,64,LOC|24,26,LOC|39,41,LOC|36,38,LOC|15,16,LOC
gold|90,94,LOC|8,10,LOC|27,28,LOC|62,64,LOC|24,26,LOC|39,41,LOC|36,38,LOC|15,16,LOC

Năm 0000, Mác cùng vợ là Gien-ni phải rời sang Pa-ri (Pháp), rồi Brúc-xen (Bỉ) và cuối cùng cư trú lâu dài ở Luân Đôn (Anh). Ở Pa-ri, Mác thường xuyên tiếp xúc với những nhà hoạt động cách mạng của phong trào công nhân, nghiên cứu lịch sử cách mạng Pháp, các tác phẩm triết học và tham gia xuất bản tạp chí Biên niên Pháp - Đức. Trong những bài viết của mình, Mác đi đến nhận định: Giai cấp vô sản được giác ngộ lí luận cách mạng là giai cấp sẽ đảm đương sứ mệnh lịch sử giải phóng loài người khỏi áp bức bóc lột Phri-đrích Ăng-ghen sinh ngày 00 - 00 - 0000, trong một gia đình chủ xưởng ở thành phố Bác-men (Đức). Xuất thân từ tầng lớp trên nhưng ông rất căm ghét chế độ chuyên chế và khinh thường những thủ đoạn làm giàu của giới kinh doanh. Do yêu cầu của người cha, Ăng-ghen phải sang làm thư kí cho một hãng buôn ở Anh. Tuy vậy, việc đó không thể ngăn cản ông nghiên cứu khoa học và hoạt động chính trị.
predict|64,67,LOC|13,15,PER|27,28,LOC|126,129,LOC|163,164,PER|10,12,PER|110,112,PER|23,25,LOC|68,69,LOC|129,130,LOC|6,7,PER|2,3,PER|174,175,LOC|51,52,LOC|25,26,LOC|28,29,PER|75,76,PER
gold|27,28,LOC|129,130,LOC|66,67,LOC|174,175,LOC|51,52,LOC|13,14,LOC|25,26,LOC|14,15,LOC|126,129,LOC|68,69,LOC|10,11,LOC|163,164,PER|110,112,PER|6,7,PER|75,76,PER|11,12,LOC|23,25,LOC|2,3,PER|28,29,PER

Cứ điểm Ba Đình được xây dựng ở ba làng Mậu Thịnh, Thượng Thọ, Mĩ Khê (thuộc huyện Nga Sơn, tỉnh Thanh Hóa), do Phạm Bành và Đinh Công Tráng chỉ huy. Tại đây, nghĩa quân đã xây dựng một căn cứ chống Pháp vững chắc. Bao học xung quanh căn cứ là lũy tre dày đặc và một hệ thống hào rộng, rồi đến lớp thành đất cao đến 0 mét, chân thành rộng từ 0 mét đến 00 mét, trên thành có các lỗ châu mai. Phía trong thành có hệ thống giao thông hào dùng để vận động và tiếp tế khi chiến đấu. Ở những nơi xung yếu đều có công sự vững chắc. Các ngôi đình của ba làng được biến thành các chốt đóng quân, nối với nhau bằng hệ thống giao thông hào, có thể hỗ trợ cho nhau. Được sự ủng hộ của nhân dân địa phương, cứ điểm Ba Đình được xây dựng và hoàn thành chỉ trong 0 tháng.
predict|21,23,LOC|27,30,PER|8,12,LOC|12,14,LOC|24,26,PER|157,159,LOC|2,4,LOC|40,44,LOC|17,20,LOC|14,16,LOC|0,1,PER
gold|24,26,LOC|155,159,LOC|12,14,LOC|27,30,LOC|10,12,LOC|43,44,LOC|20,23,LOC|17,20,LOC|14,16,LOC|0,4,LOC

Đàng Ngoài được chia thành 00 trấn, có Trấn thủ đứng đầu, làm việc với sự giúp đỡ của hai ti. Dưới trấn là phủ, huyện, châu, xã như cũ. Nhà nước Lê - Trịnh tiếp tục chính sách tuyển chọn quan lại như thời Lê sơ. Bộ Quốc triều hình luật thời Hồng Đức vẫn tiếp tục được sử dụng với ít nhiều bổ sung. Quân đội được tổ chức chặt chẽ, bao gồm một đội quân thường trực, được tuyển chủ yếu từ 0 phủ của Thanh Hóa và một số huyện của Nghệ An, gọi là quân Tam phủ. Đạo quân này được cấp nhiều ruộng đất và có khá nhiều ưu đãi nên còn gọi là ưu binh. Ngoài ra, còn có ngoại binh được tuyển từ 0 trấn xung quanh kinh thành.
predict|88,90,LOC|95,97,LOC|30,35,ORG|54,55,LOC|0,1,PER
gold|32,33,ORG|88,90,LOC|95,97,LOC|34,35,ORG|30,35,ORG|0,2,LOC|99,102,MIL

Dưới thời Xu-li-nha Vông-xa, đất nước được chia thành 0 tỉnh. Dưới vua có một phó vương và 0 quan đại thần kiêm tổng đốc 0 tỉnh. Quân đội được chia làm hai loại ; quân thường trực của nhà vua và quân địa phương. Nhà vua còn mua thêm một số vũ khí của thương nhân châu Âu để trang bị cho quân đội. Đến thế kỉ XVIII, Lan Xang suy yếu dần vì những cuộc tranh chấp ngôi báu trong hoàng tộc. Sau khi Xu-li-nha Vông-xa chết, nước Lan Xang bị phân liệt thành 0 tiểu quốc đối địch nhau: Luông Pha-bang, Viêng Chăn và Chăm-pa-xắc. Nhân cơ hội đó, Xiêm đã xâm chiếm và cai trị Lào. Năm 0000, Chậu A Nụ đã phất cờ khởi nghĩa, chống lại ách thống trị của Xiêm, nhưng đã bị thất bại. Lào tiếp tục là thuộc quốc của Xiêm. Tình trạng đó kéo dài đến khi thực dân Pháp xâm lược và biến Lào thành thuộc địa (năm 0000).
predict|107,108,LOC|112,113,PER|104,106,LOC|136,137,LOC|69,71,LOC|119,120,LOC|57,59,LOC|122,125,PER|149,150,LOC|163,165,LOC|102,104,LOC|2,4,LOC|90,92,LOC|157,160,LOC|86,88,PER|142,143,LOC
gold|107,108,LOC|104,106,LOC|136,137,LOC|69,71,LOC|112,113,LOC|2,4,PER|119,120,LOC|57,59,LOC|122,125,PER|149,150,LOC|164,165,LOC|102,104,LOC|90,92,LOC|157,160,LOC|86,88,PER|142,143,LOC

Với cuộc khai thác thuộc địa lần thứ hai, nền kinh tế của tư bản Pháp ở Đông Dương có bước phát triển mới. Trong quá trình đầu tư vốn và mở rộng khai thác thuộc địa, thực dân Pháp có đầu tư kĩ thuật và nhân lực, song rất hạn chế. Cơ cấu kinh tế Việt Nam vẫn mất cân đối. Sự chuyển biến ít nhiều về kinh tế chỉ có tính chất cục bộ ở một số vùng, còn lại phổ biến vẫn trong tình trạng lạc hậu, nghèo nàn. Kinh tế Đông Dương vẫn bị cột chặt vào kinh tế Pháp và Đông Dương vẫn là thị trường độc chiếm của tư bản Pháp. Do tác động của chính sách khai thác thuộc địa, các giai cấp ở Việt Nam có những chuyển biến mới. Giai cấp địa chủ phong kiến tiếp tục phân hóa. Một bộ phận không nhỏ tiểu và trung địa chủ tham gia phong trào dân tộc dân chủ chống thực dân Pháp và thế lực phản động tay sai.
predict|105,107,LOC|37,40,LOC|15,16,LOC|167,170,LOC|131,133,LOC|116,117,LOC|56,58,LOC|103,104,LOC|94,96,LOC|17,19,LOC
gold|105,107,LOC|37,40,LOC|15,16,LOC|167,170,LOC|131,133,LOC|39,40,LOC|116,117,LOC|56,58,LOC|103,104,LOC|94,96,LOC|169,170,LOC|17,19,LOC

Đầu thế kỉ XVI, triều Lê sơ suy sụp. Sau khi vua Lê Hiến Tông chết, các vua Uy Mục, Tương Dực không còn quan tâm đến việc triều chính, chỉ lo ăn chơi, sa đọa. Quan lại, địa chủ nhân đó hoành hành, hạch sách nhân dân, chiếm đoạt ruộng đất. Nhân dân khổ cực đã nổi dậy đấu tranh ở nhiều nơi. Một số thế lực phong kiến cũng họp quân, đánh nhau, tranh chấp quyền hành. Nổi trội hơn cả là thế lực của Quốc công Thái phó Mạc Đăng Dung. Sau khi dẹp yên các thế lực phong kiến khác, nhận thấy được sự bất lực và suy sụp của dòng họ Lê, năm 0000 Mạc Đăng Dung bắt vua Lê nhường ngôi và thành lập triều đại mới - triều Mạc.
predict|119,122,PER|134,136,ORG|91,94,PER|124,125,ORG|4,7,ORG|18,22,PER|12,15,PER
gold|20,22,PER|119,122,PER|134,136,ORG|91,94,PER|124,125,ORG|4,7,ORG|12,15,PER|18,20,PER

Nhà nước dân chủ nhân dân ở các nước Đông Âu là chính quyền liên hiệp gồm đại biểu các giai cấp, các đảng phái chính trị đã từng tham gia Mặt trận dân tộc thống nhất chống phát xít. Trong những năm 0000 - 0000, các nhà nước dân chủ nhân dân tiến hành cải cách ruộng đất, xóa bỏ chế độ chiếm hữu ruộng đất của địa chủ, quốc hữu hóa các xí nghiệp lớn của tư bản trong và ngoài nước, ban hành các quyền tự do dân chủ, cải thiện và nâng cao đời sống nhân dân. Chính quyền nhân dân được củng cố, vai trò lãnh đạo của các đảng cộng sản ngày càng được khẳng định.
predict|9,11,LOC|31,40,ORG
gold|9,11,LOC|31,40,ORG

Từ đầu thế kỉ XVII, cuộc tranh giành quyền lực giữa các chúa phong kiến trong nước làm cho Ấn Độ suy yếu. Lợi dụng cơ hội này, các nước tư bản phương Tây, chủ yếu là Anh và Pháp, tranh nhau xâm lược Ấn Độ. Đến giữa thế kỉ XIX, thực dân Anh đã hoàn thành việc xâm lược và đặt ách cai trị ở Ấn Độ. Về kinh tế, thực dân Anh mở rộng công cuộc khai thác Ấn Độ một cách quy mô, ra sức vơ vét lương thực, các nguồn nguyên liệu và bóc lột nhân công để thu lợi nhuận. Ấn Độ trở thành thuộc địa quan trọng nhất của thực dân Anh, phải cung cấp ngày càng nhiều lương thực, nguyên liệu cho chính quốc. Trong khoảng 00 năm cuối thế kỉ XIX, những nạn đói liên tiếp xảy ra làm gần 00 triệu người chết. Trong khi đó, lương thực của Ấn Độ bị vơ vét đưa về nước Anh ngày càng nhiều ; đời sống nhân dân Ấn Độ ngày càng khó khăn.
predict|37,38,LOC|66,68,LOC|158,160,LOC|51,54,LOC|39,40,LOC|19,21,LOC|80,82,LOC|32,34,LOC|44,46,LOC|166,167,LOC|105,107,LOC|71,74,LOC|175,177,LOC|115,118,LOC
gold|37,38,LOC|66,68,LOC|158,160,LOC|51,54,LOC|39,40,LOC|19,21,LOC|80,82,LOC|32,34,LOC|44,46,LOC|166,167,LOC|105,107,LOC|71,74,LOC|175,177,LOC|115,118,LOC

Năm 0000, sau cuộc cạnh tranh quyết liệt với Pháp, Anh độc chiếm Ai Cập, kiểm soát kênh đào Xuy-ê. Tiếp đó, Anh chiếm Nam Phi, Tây Ni-giê-ri-a, Bờ Biển Vàng, Gam-bi-a (Tây Phi), Kê-ni-a, U-gan-đa, Xô-ma-li, Đông Xu-đăng, một phần Đông Phi... Pháp đứng thứ hai trong việc xâm chiếm thuộc địa châu Phi (sau Anh), gồm một phần Tây Phi, miền Xích đạo châu Phi, Ma-đa-ga-xca, một phần Xô-ma-li, An-giê-ri, Tuy-ni-di, Xa-ha-ra. Đức chiếm Ca-mơ-run, Tô-gô, Tây Nam Phi, Tan-da-ni-a. Bỉ làm chủ phần lớn Công-gô. Bồ Đào Nha giành được Mô-dăm-bích, Ăng-gô-la và một phần Ghi-nê. Đến đầu thế kỉ XX, việc phân chia thuộc địa giữa các đế quốc ở châu Phi căn bản đã hoàn thành. Chế độ cai trị hà khắc của chủ nghĩa thực dân đã làm bùng lên ngọn lửa đấu tranh giành độc lập của nhân dân châu Phi.
predict|87,88,LOC|31,32,LOC|72,73,LOC|24,26,LOC|76,77,LOC|98,99,LOC|114,116,LOC|70,71,LOC|36,37,LOC|65,67,LOC|77,78,LOC|81,82,LOC|71,72,LOC|37,39,LOC|88,91,LOC|94,95,LOC|10,11,LOC|19,20,LOC|26,28,LOC|67,68,LOC|73,74,LOC|53,55,LOC|9,10,LOC|28,31,LOC|32,34,LOC|13,15,LOC|43,44,LOC|62,64,LOC|56,57,LOC|22,23,LOC|78,81,LOC|82,83,LOC|41,43,LOC|93,94,LOC|146,148,LOC|35,36,LOC|60,62,LOC|74,75,LOC|34,35,LOC
gold|87,88,LOC|27,28,LOC|31,32,LOC|72,73,LOC|24,26,LOC|76,77,LOC|98,99,LOC|114,116,LOC|70,71,LOC|36,37,LOC|65,67,LOC|77,78,LOC|17,20,LOC|81,82,LOC|62,67,LOC|71,72,LOC|37,39,LOC|88,91,LOC|94,95,LOC|10,11,LOC|26,28,LOC|67,68,LOC|73,74,LOC|53,55,LOC|9,10,LOC|28,31,LOC|32,34,LOC|13,15,LOC|43,44,LOC|56,57,LOC|22,23,LOC|78,81,LOC|82,83,LOC|41,43,LOC|93,94,LOC|146,148,LOC|35,36,LOC|60,62,LOC|74,75,LOC|38,39,LOC|51,55,LOC|34,35,LOC

